mar. 17, 2025 5:15:03 PM liquibase.changelog
INFO: Reading resource: db/changelog/migrations/db.changelog-202408191938.sql
mar. 17, 2025 5:15:03 PM liquibase.changelog
INFO: Reading resource: db/changelog/migrations/db.changelog-202408210954.sql
mar. 17, 2025 5:15:03 PM liquibase.changelog
INFO: Reading resource: db/changelog/migrations/db.changelog-202408211004.sql
mar. 17, 2025 5:15:03 PM liquibase.changelog
INFO: Reading resource: db/changelog/migrations/db.changelog-202408211005.sql
mar. 17, 2025 5:15:03 PM liquibase.changelog
INFO: Reading resource: db/changelog/migrations/db.changelog-202408281807.sql
mar. 17, 2025 5:15:03 PM liquibase.changelog
INFO: Reading from board.databasechangelog
mar. 17, 2025 5:15:03 PM liquibase.lockservice
INFO: Successfully acquired change log lock
mar. 17, 2025 5:15:03 PM liquibase.command
INFO: Using deploymentId: 2242503450
mar. 17, 2025 5:15:03 PM liquibase.changelog
INFO: Reading from board.databasechangelog
Running Changeset: db/changelog/migrations/db.changelog-202408211004.sql::202408191938::junior
mar. 17, 2025 5:15:03 PM liquibase.changelog
INFO: Custom SQL executed
mar. 17, 2025 5:15:03 PM liquibase.changelog
INFO: ChangeSet db/changelog/migrations/db.changelog-202408211004.sql::202408191938::junior ran successfully in 47ms
Running Changeset: db/changelog/migrations/db.changelog-202408211005.sql::202408191938::junior
mar. 17, 2025 5:15:03 PM liquibase.changelog
INFO: Custom SQL executed
mar. 17, 2025 5:15:03 PM liquibase.changelog
INFO: ChangeSet db/changelog/migrations/db.changelog-202408211005.sql::202408191938::junior ran successfully in 30ms
Running Changeset: db/changelog/migrations/db.changelog-202408281807.sql::202408191938::junior
mar. 17, 2025 5:15:03 PM liquibase.changelog
INFO: Custom SQL executed
mar. 17, 2025 5:15:03 PM liquibase.changelog
INFO: ChangeSet db/changelog/migrations/db.changelog-202408281807.sql::202408191938::junior ran successfully in 55ms

UPDATE SUMMARY
Run:                          3
Previously run:               2
Filtered out:                 0
-------------------------------
Total change sets:            5

mar. 17, 2025 5:15:03 PM liquibase.util
INFO: UPDATE SUMMARY
mar. 17, 2025 5:15:03 PM liquibase.util
INFO: Run:                          3
mar. 17, 2025 5:15:03 PM liquibase.util
INFO: Previously run:               2
mar. 17, 2025 5:15:03 PM liquibase.util
INFO: Filtered out:                 0
mar. 17, 2025 5:15:03 PM liquibase.util
INFO: -------------------------------
mar. 17, 2025 5:15:03 PM liquibase.util
INFO: Total change sets:            5
mar. 17, 2025 5:15:03 PM liquibase.util
INFO: Update summary generated
mar. 17, 2025 5:15:03 PM liquibase.command
INFO: Update command completed successfully.
Liquibase: Update has been successful. Rows affected: 3
mar. 17, 2025 5:15:03 PM liquibase.lockservice
INFO: Successfully released change log lock
mar. 17, 2025 5:15:03 PM liquibase.command
INFO: Command execution complete
